2026-06-05 18:00:02,332 WARNING: CIK 0000320193 (AAPL): 403 Client Error: Forbidden for url: https://www.sec.gov/cgi-bin/browse-edgar?action=getcompany&CIK=0000320193&type=4&count=10
2026-06-05 18:00:02,457 WARNING: CIK 0000789019 (MSFT): 403 Client Error: Forbidden for url: https://www.sec.gov/cgi-bin/browse-edgar?action=getcompany&CIK=0000789019&type=4&count=10
2026-06-05 18:00:02,507 WARNING: CIK 0001045810 (NVDA): 403 Client Error: Forbidden for url: https://www.sec.gov/cgi-bin/browse-edgar?action=getcompany&CIK=0001045810&type=4&count=10
2026-06-05 18:00:02,560 WARNING: CIK 0001018724 (AMZN): 403 Client Error: Forbidden for url: https://www.sec.gov/cgi-bin/browse-edgar?action=getcompany&CIK=0001018724&type=4&count=10
2026-06-05 18:00:02,605 WARNING: CIK 0001652044 (GOOGL): 403 Client Error: Forbidden for url: https://www.sec.gov/cgi-bin/browse-edgar?action=getcompany&CIK=0001652044&type=4&count=10
2026-06-05 18:00:02,651 WARNING: CIK 0001326801 (META): 403 Client Error: Forbidden for url: https://www.sec.gov/cgi-bin/browse-edgar?action=getcompany&CIK=0001326801&type=4&count=10
2026-06-05 18:00:02,708 WARNING: CIK 0001318605 (TSLA): 403 Client Error: Forbidden for url: https://www.sec.gov/cgi-bin/browse-edgar?action=getcompany&CIK=0001318605&type=4&count=10
2026-06-05 18:00:02,755 WARNING: CIK 0000019617 (JPM): 403 Client Error: Forbidden for url: https://www.sec.gov/cgi-bin/browse-edgar?action=getcompany&CIK=0000019617&type=4&count=10
2026-06-05 18:00:02,808 WARNING: CIK 0000886982 (GS): 403 Client Error: Forbidden for url: https://www.sec.gov/cgi-bin/browse-edgar?action=getcompany&CIK=0000886982&type=4&count=10
2026-06-05 18:00:02,859 WARNING: CIK 0000070858 (BAC): 403 Client Error: Forbidden for url: https://www.sec.gov/cgi-bin/browse-edgar?action=getcompany&CIK=0000070858&type=4&count=10
2026-06-05 18:00:02,994 WARNING: CIK 0000072971 (WFC): 403 Client Error: Forbidden for url: https://www.sec.gov/cgi-bin/browse-edgar?action=getcompany&CIK=0000072971&type=4&count=10
2026-06-05 18:00:03,032 WARNING: CIK 0000831001 (C): 403 Client Error: Forbidden for url: https://www.sec.gov/cgi-bin/browse-edgar?action=getcompany&CIK=0000831001&type=4&count=10
2026-06-05 18:00:03,312 WARNING: CIK 0001364742 (BLK): 403 Client Error: Forbidden for url: https://www.sec.gov/cgi-bin/browse-edgar?action=getcompany&CIK=0001364742&type=4&count=10
2026-06-05 18:00:03,356 WARNING: CIK 0001730168 (UNH): 403 Client Error: Forbidden for url: https://www.sec.gov/cgi-bin/browse-edgar?action=getcompany&CIK=0001730168&type=4&count=10
2026-06-05 18:00:03,405 WARNING: CIK 0001320695 (CVS): 403 Client Error: Forbidden for url: https://www.sec.gov/cgi-bin/browse-edgar?action=getcompany&CIK=0001320695&type=4&count=10
2026-06-05 18:00:03,542 WARNING: CIK 0000200406 (JNJ): 403 Client Error: Forbidden for url: https://www.sec.gov/cgi-bin/browse-edgar?action=getcompany&CIK=0000200406&type=4&count=10
2026-06-05 18:00:03,897 WARNING: CIK 0000078003 (PFE): 403 Client Error: Forbidden for url: https://www.sec.gov/cgi-bin/browse-edgar?action=getcompany&CIK=0000078003&type=4&count=10
2026-06-05 18:00:04,030 WARNING: CIK 0000014272 (BMY): 403 Client Error: Forbidden for url: https://www.sec.gov/cgi-bin/browse-edgar?action=getcompany&CIK=0000014272&type=4&count=10
2026-06-05 18:00:04,081 WARNING: CIK 0000059478 (LLY): 403 Client Error: Forbidden for url: https://www.sec.gov/cgi-bin/browse-edgar?action=getcompany&CIK=0000059478&type=4&count=10
2026-06-05 18:00:04,388 WARNING: CIK 0000310158 (MRK): 403 Client Error: Forbidden for url: https://www.sec.gov/cgi-bin/browse-edgar?action=getcompany&CIK=0000310158&type=4&count=10
2026-06-05 18:00:04,434 WARNING: CIK 0000050863 (INTC): 403 Client Error: Forbidden for url: https://www.sec.gov/cgi-bin/browse-edgar?action=getcompany&CIK=0000050863&type=4&count=10
2026-06-05 18:00:04,566 WARNING: CIK 0000002488 (AMD): 403 Client Error: Forbidden for url: https://www.sec.gov/cgi-bin/browse-edgar?action=getcompany&CIK=0000002488&type=4&count=10
2026-06-05 18:00:04,614 WARNING: CIK 0001730168 (AVGO): 403 Client Error: Forbidden for url: https://www.sec.gov/cgi-bin/browse-edgar?action=getcompany&CIK=0001730168&type=4&count=10
2026-06-05 18:00:04,660 WARNING: CIK 0000858877 (CSCO): 403 Client Error: Forbidden for url: https://www.sec.gov/cgi-bin/browse-edgar?action=getcompany&CIK=0000858877&type=4&count=10
2026-06-05 18:00:04,741 WARNING: CIK 0000051143 (IBM): 403 Client Error: Forbidden for url: https://www.sec.gov/cgi-bin/browse-edgar?action=getcompany&CIK=0000051143&type=4&count=10
2026-06-05 18:00:04,793 WARNING: CIK 0001065280 (NFLX): 403 Client Error: Forbidden for url: https://www.sec.gov/cgi-bin/browse-edgar?action=getcompany&CIK=0001065280&type=4&count=10
2026-06-05 18:00:04,841 WARNING: CIK 0001744489 (DIS): 403 Client Error: Forbidden for url: https://www.sec.gov/cgi-bin/browse-edgar?action=getcompany&CIK=0001744489&type=4&count=10
2026-06-05 18:00:04,902 WARNING: CIK 0000027419 (TGT): 403 Client Error: Forbidden for url: https://www.sec.gov/cgi-bin/browse-edgar?action=getcompany&CIK=0000027419&type=4&count=10
2026-06-05 18:00:04,960 WARNING: CIK 0000104169 (WMT): 403 Client Error: Forbidden for url: https://www.sec.gov/cgi-bin/browse-edgar?action=getcompany&CIK=0000104169&type=4&count=10
2026-06-05 18:00:05,139 WARNING: CIK 0000764478 (BBY): 403 Client Error: Forbidden for url: https://www.sec.gov/cgi-bin/browse-edgar?action=getcompany&CIK=0000764478&type=4&count=10
2026-06-05 18:00:05,186 WARNING: CIK 0001001250 (EL): 403 Client Error: Forbidden for url: https://www.sec.gov/cgi-bin/browse-edgar?action=getcompany&CIK=0001001250&type=4&count=10
2026-06-05 18:00:05,271 WARNING: CIK 0001467858 (GM): 403 Client Error: Forbidden for url: https://www.sec.gov/cgi-bin/browse-edgar?action=getcompany&CIK=0001467858&type=4&count=10
2026-06-05 18:00:05,315 WARNING: CIK 0000037996 (F): 403 Client Error: Forbidden for url: https://www.sec.gov/cgi-bin/browse-edgar?action=getcompany&CIK=0000037996&type=4&count=10
2026-06-05 18:00:05,361 WARNING: CIK 0001326380 (STLA): 403 Client Error: Forbidden for url: https://www.sec.gov/cgi-bin/browse-edgar?action=getcompany&CIK=0001326380&type=4&count=10
2026-06-05 18:00:05,409 WARNING: CIK 0000034088 (XOM): 403 Client Error: Forbidden for url: https://www.sec.gov/cgi-bin/browse-edgar?action=getcompany&CIK=0000034088&type=4&count=10
2026-06-05 18:00:05,455 WARNING: CIK 0000093389 (CVX): 403 Client Error: Forbidden for url: https://www.sec.gov/cgi-bin/browse-edgar?action=getcompany&CIK=0000093389&type=4&count=10
2026-06-05 18:00:05,508 WARNING: CIK 0000072859 (COP): 403 Client Error: Forbidden for url: https://www.sec.gov/cgi-bin/browse-edgar?action=getcompany&CIK=0000072859&type=4&count=10
2026-06-05 18:00:05,643 WARNING: CIK 0000040545 (GE): 403 Client Error: Forbidden for url: https://www.sec.gov/cgi-bin/browse-edgar?action=getcompany&CIK=0000040545&type=4&count=10
2026-06-05 18:00:05,733 WARNING: CIK 0000101829 (RTX): 403 Client Error: Forbidden for url: https://www.sec.gov/cgi-bin/browse-edgar?action=getcompany&CIK=0000101829&type=4&count=10
2026-06-05 18:00:05,777 WARNING: CIK 0000731766 (UAL): 403 Client Error: Forbidden for url: https://www.sec.gov/cgi-bin/browse-edgar?action=getcompany&CIK=0000731766&type=4&count=10
2026-06-05 18:00:05,822 WARNING: CIK 0000027904 (DAL): 403 Client Error: Forbidden for url: https://www.sec.gov/cgi-bin/browse-edgar?action=getcompany&CIK=0000027904&type=4&count=10
2026-06-05 18:00:05,873 WARNING: CIK 0000092380 (LUV): 403 Client Error: Forbidden for url: https://www.sec.gov/cgi-bin/browse-edgar?action=getcompany&CIK=0000092380&type=4&count=10
2026-06-05 18:00:05,921 WARNING: CIK 0001067983 (BRK-B): 403 Client Error: Forbidden for url: https://www.sec.gov/cgi-bin/browse-edgar?action=getcompany&CIK=0001067983&type=4&count=10
2026-06-05 18:00:05,983 WARNING: CIK 0001141391 (MA): 403 Client Error: Forbidden for url: https://www.sec.gov/cgi-bin/browse-edgar?action=getcompany&CIK=0001141391&type=4&count=10
2026-06-05 18:00:06,030 WARNING: CIK 0001403161 (V): 403 Client Error: Forbidden for url: https://www.sec.gov/cgi-bin/browse-edgar?action=getcompany&CIK=0001403161&type=4&count=10
2026-06-05 18:00:06,176 WARNING: CIK 0001001838 (SCHW): 403 Client Error: Forbidden for url: https://www.sec.gov/cgi-bin/browse-edgar?action=getcompany&CIK=0001001838&type=4&count=10
2026-06-05 18:00:06,273 WARNING: CIK 0000820027 (AXP): 403 Client Error: Forbidden for url: https://www.sec.gov/cgi-bin/browse-edgar?action=getcompany&CIK=0000820027&type=4&count=10
2026-06-05 18:00:06,420 WARNING: CIK 0000891478 (MS): 403 Client Error: Forbidden for url: https://www.sec.gov/cgi-bin/browse-edgar?action=getcompany&CIK=0000891478&type=4&count=10
2026-06-05 18:00:06,464 WARNING: CIK 0000886982 (GS): 403 Client Error: Forbidden for url: https://www.sec.gov/cgi-bin/browse-edgar?action=getcompany&CIK=0000886982&type=4&count=10
2026-06-05 18:00:06,506 WARNING: CIK 0001652044 (SBUX): 403 Client Error: Forbidden for url: https://www.sec.gov/cgi-bin/browse-edgar?action=getcompany&CIK=0001652044&type=4&count=10
Traceback (most recent call last):
  File "/Users/samarth/Downloads/Official/PROJECTS/CODES/Python/Projects/sn9trader/ceo_tracker.py", line 194, in <module>
    main()
    ~~~~^^
  File "/Users/samarth/Downloads/Official/PROJECTS/CODES/Python/Projects/sn9trader/ceo_tracker.py", line 188, in main
    ret_up = compute_returns(conn)
  File "/Users/samarth/Downloads/Official/PROJECTS/CODES/Python/Projects/sn9trader/ceo_tracker.py", line 111, in compute_returns
    rows = conn.execute(
           ~~~~~~~~~~~~^
        """SELECT id, ticker, transaction_date FROM ceo_trades
        ^^^^^^^^^^^^^^^^^^^^^^^^^^^^^^^^^^^^^^^^^^^^^^^^^^^^^^
           WHERE forward_return_12m IS NULL AND transaction_date IS NOT NULL"""
           ^^^^^^^^^^^^^^^^^^^^^^^^^^^^^^^^^^^^^^^^^^^^^^^^^^^^^^^^^^^^^^^^^^^^
    ).fetchall()
    ^
sqlite3.OperationalError: no such column: forward_return_12m
2026-06-06 00:00:02,464 WARNING: CIK 0000320193 (AAPL): 403 Client Error: Forbidden for url: https://www.sec.gov/cgi-bin/browse-edgar?action=getcompany&CIK=0000320193&type=4&count=10
2026-06-06 00:00:03,285 WARNING: CIK 0000789019 (MSFT): 403 Client Error: Forbidden for url: https://www.sec.gov/cgi-bin/browse-edgar?action=getcompany&CIK=0000789019&type=4&count=10
2026-06-06 00:00:03,752 WARNING: CIK 0001045810 (NVDA): 403 Client Error: Forbidden for url: https://www.sec.gov/cgi-bin/browse-edgar?action=getcompany&CIK=0001045810&type=4&count=10
2026-06-06 00:00:03,795 WARNING: CIK 0001018724 (AMZN): 403 Client Error: Forbidden for url: https://www.sec.gov/cgi-bin/browse-edgar?action=getcompany&CIK=0001018724&type=4&count=10
2026-06-06 00:00:04,015 WARNING: CIK 0001652044 (GOOGL): 403 Client Error: Forbidden for url: https://www.sec.gov/cgi-bin/browse-edgar?action=getcompany&CIK=0001652044&type=4&count=10
2026-06-06 00:00:04,059 WARNING: CIK 0001326801 (META): 403 Client Error: Forbidden for url: https://www.sec.gov/cgi-bin/browse-edgar?action=getcompany&CIK=0001326801&type=4&count=10
2026-06-06 00:00:04,106 WARNING: CIK 0001318605 (TSLA): 403 Client Error: Forbidden for url: https://www.sec.gov/cgi-bin/browse-edgar?action=getcompany&CIK=0001318605&type=4&count=10
2026-06-06 00:00:04,565 WARNING: CIK 0000019617 (JPM): 403 Client Error: Forbidden for url: https://www.sec.gov/cgi-bin/browse-edgar?action=getcompany&CIK=0000019617&type=4&count=10
2026-06-06 00:00:04,609 WARNING: CIK 0000886982 (GS): 403 Client Error: Forbidden for url: https://www.sec.gov/cgi-bin/browse-edgar?action=getcompany&CIK=0000886982&type=4&count=10
2026-06-06 00:00:04,971 WARNING: CIK 0000070858 (BAC): 403 Client Error: Forbidden for url: https://www.sec.gov/cgi-bin/browse-edgar?action=getcompany&CIK=0000070858&type=4&count=10
2026-06-06 00:00:05,016 WARNING: CIK 0000072971 (WFC): 403 Client Error: Forbidden for url: https://www.sec.gov/cgi-bin/browse-edgar?action=getcompany&CIK=0000072971&type=4&count=10
2026-06-06 00:00:05,060 WARNING: CIK 0000831001 (C): 403 Client Error: Forbidden for url: https://www.sec.gov/cgi-bin/browse-edgar?action=getcompany&CIK=0000831001&type=4&count=10
2026-06-06 00:00:05,128 WARNING: CIK 0001364742 (BLK): 403 Client Error: Forbidden for url: https://www.sec.gov/cgi-bin/browse-edgar?action=getcompany&CIK=0001364742&type=4&count=10
2026-06-06 00:00:05,178 WARNING: CIK 0001730168 (UNH): 403 Client Error: Forbidden for url: https://www.sec.gov/cgi-bin/browse-edgar?action=getcompany&CIK=0001730168&type=4&count=10
2026-06-06 00:00:05,310 WARNING: CIK 0001320695 (CVS): 403 Client Error: Forbidden for url: https://www.sec.gov/cgi-bin/browse-edgar?action=getcompany&CIK=0001320695&type=4&count=10
2026-06-06 00:00:05,358 WARNING: CIK 0000200406 (JNJ): 403 Client Error: Forbidden for url: https://www.sec.gov/cgi-bin/browse-edgar?action=getcompany&CIK=0000200406&type=4&count=10
2026-06-06 00:00:05,411 WARNING: CIK 0000078003 (PFE): 403 Client Error: Forbidden for url: https://www.sec.gov/cgi-bin/browse-edgar?action=getcompany&CIK=0000078003&type=4&count=10
2026-06-06 00:00:05,462 WARNING: CIK 0000014272 (BMY): 403 Client Error: Forbidden for url: https://www.sec.gov/cgi-bin/browse-edgar?action=getcompany&CIK=0000014272&type=4&count=10
2026-06-06 00:00:05,810 WARNING: CIK 0000059478 (LLY): 403 Client Error: Forbidden for url: https://www.sec.gov/cgi-bin/browse-edgar?action=getcompany&CIK=0000059478&type=4&count=10
2026-06-06 00:00:05,854 WARNING: CIK 0000310158 (MRK): 403 Client Error: Forbidden for url: https://www.sec.gov/cgi-bin/browse-edgar?action=getcompany&CIK=0000310158&type=4&count=10
2026-06-06 00:00:06,900 WARNING: CIK 0000050863 (INTC): 403 Client Error: Forbidden for url: https://www.sec.gov/cgi-bin/browse-edgar?action=getcompany&CIK=0000050863&type=4&count=10
2026-06-06 00:00:06,945 WARNING: CIK 0000002488 (AMD): 403 Client Error: Forbidden for url: https://www.sec.gov/cgi-bin/browse-edgar?action=getcompany&CIK=0000002488&type=4&count=10
2026-06-06 00:00:07,003 WARNING: CIK 0001730168 (AVGO): 403 Client Error: Forbidden for url: https://www.sec.gov/cgi-bin/browse-edgar?action=getcompany&CIK=0001730168&type=4&count=10
2026-06-06 00:00:07,050 WARNING: CIK 0000858877 (CSCO): 403 Client Error: Forbidden for url: https://www.sec.gov/cgi-bin/browse-edgar?action=getcompany&CIK=0000858877&type=4&count=10
2026-06-06 00:00:07,388 WARNING: CIK 0000051143 (IBM): 403 Client Error: Forbidden for url: https://www.sec.gov/cgi-bin/browse-edgar?action=getcompany&CIK=0000051143&type=4&count=10
2026-06-06 00:00:07,435 WARNING: CIK 0001065280 (NFLX): 403 Client Error: Forbidden for url: https://www.sec.gov/cgi-bin/browse-edgar?action=getcompany&CIK=0001065280&type=4&count=10
2026-06-06 00:00:07,566 WARNING: CIK 0001744489 (DIS): 403 Client Error: Forbidden for url: https://www.sec.gov/cgi-bin/browse-edgar?action=getcompany&CIK=0001744489&type=4&count=10
2026-06-06 00:00:07,611 WARNING: CIK 0000027419 (TGT): 403 Client Error: Forbidden for url: https://www.sec.gov/cgi-bin/browse-edgar?action=getcompany&CIK=0000027419&type=4&count=10
2026-06-06 00:00:07,656 WARNING: CIK 0000104169 (WMT): 403 Client Error: Forbidden for url: https://www.sec.gov/cgi-bin/browse-edgar?action=getcompany&CIK=0000104169&type=4&count=10
2026-06-06 00:00:07,698 WARNING: CIK 0000764478 (BBY): 403 Client Error: Forbidden for url: https://www.sec.gov/cgi-bin/browse-edgar?action=getcompany&CIK=0000764478&type=4&count=10
2026-06-06 00:00:07,741 WARNING: CIK 0001001250 (EL): 403 Client Error: Forbidden for url: https://www.sec.gov/cgi-bin/browse-edgar?action=getcompany&CIK=0001001250&type=4&count=10
2026-06-06 00:00:07,783 WARNING: CIK 0001467858 (GM): 403 Client Error: Forbidden for url: https://www.sec.gov/cgi-bin/browse-edgar?action=getcompany&CIK=0001467858&type=4&count=10
2026-06-06 00:00:07,908 WARNING: CIK 0000037996 (F): 403 Client Error: Forbidden for url: https://www.sec.gov/cgi-bin/browse-edgar?action=getcompany&CIK=0000037996&type=4&count=10
2026-06-06 00:00:07,951 WARNING: CIK 0001326380 (STLA): 403 Client Error: Forbidden for url: https://www.sec.gov/cgi-bin/browse-edgar?action=getcompany&CIK=0001326380&type=4&count=10
2026-06-06 00:00:08,005 WARNING: CIK 0000034088 (XOM): 403 Client Error: Forbidden for url: https://www.sec.gov/cgi-bin/browse-edgar?action=getcompany&CIK=0000034088&type=4&count=10
2026-06-06 00:00:08,054 WARNING: CIK 0000093389 (CVX): 403 Client Error: Forbidden for url: https://www.sec.gov/cgi-bin/browse-edgar?action=getcompany&CIK=0000093389&type=4&count=10
2026-06-06 00:00:08,096 WARNING: CIK 0000072859 (COP): 403 Client Error: Forbidden for url: https://www.sec.gov/cgi-bin/browse-edgar?action=getcompany&CIK=0000072859&type=4&count=10
2026-06-06 00:00:08,140 WARNING: CIK 0000040545 (GE): 403 Client Error: Forbidden for url: https://www.sec.gov/cgi-bin/browse-edgar?action=getcompany&CIK=0000040545&type=4&count=10
2026-06-06 00:00:08,185 WARNING: CIK 0000101829 (RTX): 403 Client Error: Forbidden for url: https://www.sec.gov/cgi-bin/browse-edgar?action=getcompany&CIK=0000101829&type=4&count=10
2026-06-06 00:00:08,299 WARNING: CIK 0000731766 (UAL): 403 Client Error: Forbidden for url: https://www.sec.gov/cgi-bin/browse-edgar?action=getcompany&CIK=0000731766&type=4&count=10
2026-06-06 00:00:08,432 WARNING: CIK 0000027904 (DAL): 403 Client Error: Forbidden for url: https://www.sec.gov/cgi-bin/browse-edgar?action=getcompany&CIK=0000027904&type=4&count=10
2026-06-06 00:00:08,541 WARNING: CIK 0000092380 (LUV): 403 Client Error: Forbidden for url: https://www.sec.gov/cgi-bin/browse-edgar?action=getcompany&CIK=0000092380&type=4&count=10
2026-06-06 00:00:08,590 WARNING: CIK 0001067983 (BRK-B): 403 Client Error: Forbidden for url: https://www.sec.gov/cgi-bin/browse-edgar?action=getcompany&CIK=0001067983&type=4&count=10
2026-06-06 00:00:08,647 WARNING: CIK 0001141391 (MA): 403 Client Error: Forbidden for url: https://www.sec.gov/cgi-bin/browse-edgar?action=getcompany&CIK=0001141391&type=4&count=10
2026-06-06 00:00:08,735 WARNING: CIK 0001403161 (V): 403 Client Error: Forbidden for url: https://www.sec.gov/cgi-bin/browse-edgar?action=getcompany&CIK=0001403161&type=4&count=10
2026-06-06 00:00:08,779 WARNING: CIK 0001001838 (SCHW): 403 Client Error: Forbidden for url: https://www.sec.gov/cgi-bin/browse-edgar?action=getcompany&CIK=0001001838&type=4&count=10
2026-06-06 00:00:08,831 WARNING: CIK 0000820027 (AXP): 403 Client Error: Forbidden for url: https://www.sec.gov/cgi-bin/browse-edgar?action=getcompany&CIK=0000820027&type=4&count=10
2026-06-06 00:00:08,955 WARNING: CIK 0000891478 (MS): 403 Client Error: Forbidden for url: https://www.sec.gov/cgi-bin/browse-edgar?action=getcompany&CIK=0000891478&type=4&count=10
2026-06-06 00:00:09,003 WARNING: CIK 0000886982 (GS): 403 Client Error: Forbidden for url: https://www.sec.gov/cgi-bin/browse-edgar?action=getcompany&CIK=0000886982&type=4&count=10
2026-06-06 00:00:09,047 WARNING: CIK 0001652044 (SBUX): 403 Client Error: Forbidden for url: https://www.sec.gov/cgi-bin/browse-edgar?action=getcompany&CIK=0001652044&type=4&count=10
Traceback (most recent call last):
  File "/Users/samarth/Downloads/Official/PROJECTS/CODES/Python/Projects/sn9trader/ceo_tracker.py", line 194, in <module>
    main()
    ~~~~^^
  File "/Users/samarth/Downloads/Official/PROJECTS/CODES/Python/Projects/sn9trader/ceo_tracker.py", line 188, in main
    ret_up = compute_returns(conn)
  File "/Users/samarth/Downloads/Official/PROJECTS/CODES/Python/Projects/sn9trader/ceo_tracker.py", line 111, in compute_returns
    rows = conn.execute(
           ~~~~~~~~~~~~^
        """SELECT id, ticker, transaction_date FROM ceo_trades
        ^^^^^^^^^^^^^^^^^^^^^^^^^^^^^^^^^^^^^^^^^^^^^^^^^^^^^^
           WHERE forward_return_12m IS NULL AND transaction_date IS NOT NULL"""
           ^^^^^^^^^^^^^^^^^^^^^^^^^^^^^^^^^^^^^^^^^^^^^^^^^^^^^^^^^^^^^^^^^^^^
    ).fetchall()
    ^
sqlite3.OperationalError: no such column: forward_return_12m
2026-06-06 18:00:02,354 WARNING: CIK 0000320193 (AAPL): 403 Client Error: Forbidden for url: https://www.sec.gov/cgi-bin/browse-edgar?action=getcompany&CIK=0000320193&type=4&count=10
2026-06-06 18:00:02,398 WARNING: CIK 0000789019 (MSFT): 403 Client Error: Forbidden for url: https://www.sec.gov/cgi-bin/browse-edgar?action=getcompany&CIK=0000789019&type=4&count=10
2026-06-06 18:00:02,440 WARNING: CIK 0001045810 (NVDA): 403 Client Error: Forbidden for url: https://www.sec.gov/cgi-bin/browse-edgar?action=getcompany&CIK=0001045810&type=4&count=10
2026-06-06 18:00:02,481 WARNING: CIK 0001018724 (AMZN): 403 Client Error: Forbidden for url: https://www.sec.gov/cgi-bin/browse-edgar?action=getcompany&CIK=0001018724&type=4&count=10
2026-06-06 18:00:02,519 WARNING: CIK 0001652044 (GOOGL): 403 Client Error: Forbidden for url: https://www.sec.gov/cgi-bin/browse-edgar?action=getcompany&CIK=0001652044&type=4&count=10
2026-06-06 18:00:02,561 WARNING: CIK 0001326801 (META): 403 Client Error: Forbidden for url: https://www.sec.gov/cgi-bin/browse-edgar?action=getcompany&CIK=0001326801&type=4&count=10
2026-06-06 18:00:02,599 WARNING: CIK 0001318605 (TSLA): 403 Client Error: Forbidden for url: https://www.sec.gov/cgi-bin/browse-edgar?action=getcompany&CIK=0001318605&type=4&count=10
2026-06-06 18:00:02,641 WARNING: CIK 0000019617 (JPM): 403 Client Error: Forbidden for url: https://www.sec.gov/cgi-bin/browse-edgar?action=getcompany&CIK=0000019617&type=4&count=10
2026-06-06 18:00:02,678 WARNING: CIK 0000886982 (GS): 403 Client Error: Forbidden for url: https://www.sec.gov/cgi-bin/browse-edgar?action=getcompany&CIK=0000886982&type=4&count=10
2026-06-06 18:00:02,729 WARNING: CIK 0000070858 (BAC): 403 Client Error: Forbidden for url: https://www.sec.gov/cgi-bin/browse-edgar?action=getcompany&CIK=0000070858&type=4&count=10
2026-06-06 18:00:02,853 WARNING: CIK 0000072971 (WFC): 403 Client Error: Forbidden for url: https://www.sec.gov/cgi-bin/browse-edgar?action=getcompany&CIK=0000072971&type=4&count=10
2026-06-06 18:00:02,897 WARNING: CIK 0000831001 (C): 403 Client Error: Forbidden for url: https://www.sec.gov/cgi-bin/browse-edgar?action=getcompany&CIK=0000831001&type=4&count=10
2026-06-06 18:00:02,946 WARNING: CIK 0001364742 (BLK): 403 Client Error: Forbidden for url: https://www.sec.gov/cgi-bin/browse-edgar?action=getcompany&CIK=0001364742&type=4&count=10
2026-06-06 18:00:02,992 WARNING: CIK 0001730168 (UNH): 403 Client Error: Forbidden for url: https://www.sec.gov/cgi-bin/browse-edgar?action=getcompany&CIK=0001730168&type=4&count=10
2026-06-06 18:00:03,038 WARNING: CIK 0001320695 (CVS): 403 Client Error: Forbidden for url: https://www.sec.gov/cgi-bin/browse-edgar?action=getcompany&CIK=0001320695&type=4&count=10
2026-06-06 18:00:03,086 WARNING: CIK 0000200406 (JNJ): 403 Client Error: Forbidden for url: https://www.sec.gov/cgi-bin/browse-edgar?action=getcompany&CIK=0000200406&type=4&count=10
2026-06-06 18:00:03,135 WARNING: CIK 0000078003 (PFE): 403 Client Error: Forbidden for url: https://www.sec.gov/cgi-bin/browse-edgar?action=getcompany&CIK=0000078003&type=4&count=10
2026-06-06 18:00:03,175 WARNING: CIK 0000014272 (BMY): 403 Client Error: Forbidden for url: https://www.sec.gov/cgi-bin/browse-edgar?action=getcompany&CIK=0000014272&type=4&count=10
2026-06-06 18:00:03,216 WARNING: CIK 0000059478 (LLY): 403 Client Error: Forbidden for url: https://www.sec.gov/cgi-bin/browse-edgar?action=getcompany&CIK=0000059478&type=4&count=10
2026-06-06 18:00:03,265 WARNING: CIK 0000310158 (MRK): 403 Client Error: Forbidden for url: https://www.sec.gov/cgi-bin/browse-edgar?action=getcompany&CIK=0000310158&type=4&count=10
2026-06-06 18:00:03,394 WARNING: CIK 0000050863 (INTC): 403 Client Error: Forbidden for url: https://www.sec.gov/cgi-bin/browse-edgar?action=getcompany&CIK=0000050863&type=4&count=10
2026-06-06 18:00:03,443 WARNING: CIK 0000002488 (AMD): 403 Client Error: Forbidden for url: https://www.sec.gov/cgi-bin/browse-edgar?action=getcompany&CIK=0000002488&type=4&count=10
2026-06-06 18:00:03,487 WARNING: CIK 0001730168 (AVGO): 403 Client Error: Forbidden for url: https://www.sec.gov/cgi-bin/browse-edgar?action=getcompany&CIK=0001730168&type=4&count=10
2026-06-06 18:00:03,535 WARNING: CIK 0000858877 (CSCO): 403 Client Error: Forbidden for url: https://www.sec.gov/cgi-bin/browse-edgar?action=getcompany&CIK=0000858877&type=4&count=10
2026-06-06 18:00:03,580 WARNING: CIK 0000051143 (IBM): 403 Client Error: Forbidden for url: https://www.sec.gov/cgi-bin/browse-edgar?action=getcompany&CIK=0000051143&type=4&count=10
2026-06-06 18:00:03,655 WARNING: CIK 0001065280 (NFLX): 403 Client Error: Forbidden for url: https://www.sec.gov/cgi-bin/browse-edgar?action=getcompany&CIK=0001065280&type=4&count=10
2026-06-06 18:00:03,699 WARNING: CIK 0001744489 (DIS): 403 Client Error: Forbidden for url: https://www.sec.gov/cgi-bin/browse-edgar?action=getcompany&CIK=0001744489&type=4&count=10
2026-06-06 18:00:03,739 WARNING: CIK 0000027419 (TGT): 403 Client Error: Forbidden for url: https://www.sec.gov/cgi-bin/browse-edgar?action=getcompany&CIK=0000027419&type=4&count=10
2026-06-06 18:00:03,779 WARNING: CIK 0000104169 (WMT): 403 Client Error: Forbidden for url: https://www.sec.gov/cgi-bin/browse-edgar?action=getcompany&CIK=0000104169&type=4&count=10
2026-06-06 18:00:03,906 WARNING: CIK 0000764478 (BBY): 403 Client Error: Forbidden for url: https://www.sec.gov/cgi-bin/browse-edgar?action=getcompany&CIK=0000764478&type=4&count=10
2026-06-06 18:00:03,948 WARNING: CIK 0001001250 (EL): 403 Client Error: Forbidden for url: https://www.sec.gov/cgi-bin/browse-edgar?action=getcompany&CIK=0001001250&type=4&count=10
2026-06-06 18:00:03,991 WARNING: CIK 0001467858 (GM): 403 Client Error: Forbidden for url: https://www.sec.gov/cgi-bin/browse-edgar?action=getcompany&CIK=0001467858&type=4&count=10
2026-06-06 18:00:04,032 WARNING: CIK 0000037996 (F): 403 Client Error: Forbidden for url: https://www.sec.gov/cgi-bin/browse-edgar?action=getcompany&CIK=0000037996&type=4&count=10
2026-06-06 18:00:04,077 WARNING: CIK 0001326380 (STLA): 403 Client Error: Forbidden for url: https://www.sec.gov/cgi-bin/browse-edgar?action=getcompany&CIK=0001326380&type=4&count=10
2026-06-06 18:00:04,117 WARNING: CIK 0000034088 (XOM): 403 Client Error: Forbidden for url: https://www.sec.gov/cgi-bin/browse-edgar?action=getcompany&CIK=0000034088&type=4&count=10
2026-06-06 18:00:04,160 WARNING: CIK 0000093389 (CVX): 403 Client Error: Forbidden for url: https://www.sec.gov/cgi-bin/browse-edgar?action=getcompany&CIK=0000093389&type=4&count=10
2026-06-06 18:00:04,204 WARNING: CIK 0000072859 (COP): 403 Client Error: Forbidden for url: https://www.sec.gov/cgi-bin/browse-edgar?action=getcompany&CIK=0000072859&type=4&count=10
2026-06-06 18:00:04,240 WARNING: CIK 0000040545 (GE): 403 Client Error: Forbidden for url: https://www.sec.gov/cgi-bin/browse-edgar?action=getcompany&CIK=0000040545&type=4&count=10
2026-06-06 18:00:04,280 WARNING: CIK 0000101829 (RTX): 403 Client Error: Forbidden for url: https://www.sec.gov/cgi-bin/browse-edgar?action=getcompany&CIK=0000101829&type=4&count=10
2026-06-06 18:00:04,406 WARNING: CIK 0000731766 (UAL): 403 Client Error: Forbidden for url: https://www.sec.gov/cgi-bin/browse-edgar?action=getcompany&CIK=0000731766&type=4&count=10
2026-06-06 18:00:04,453 WARNING: CIK 0000027904 (DAL): 403 Client Error: Forbidden for url: https://www.sec.gov/cgi-bin/browse-edgar?action=getcompany&CIK=0000027904&type=4&count=10
2026-06-06 18:00:04,493 WARNING: CIK 0000092380 (LUV): 403 Client Error: Forbidden for url: https://www.sec.gov/cgi-bin/browse-edgar?action=getcompany&CIK=0000092380&type=4&count=10
2026-06-06 18:00:04,535 WARNING: CIK 0001067983 (BRK-B): 403 Client Error: Forbidden for url: https://www.sec.gov/cgi-bin/browse-edgar?action=getcompany&CIK=0001067983&type=4&count=10
2026-06-06 18:00:04,588 WARNING: CIK 0001141391 (MA): 403 Client Error: Forbidden for url: https://www.sec.gov/cgi-bin/browse-edgar?action=getcompany&CIK=0001141391&type=4&count=10
2026-06-06 18:00:04,634 WARNING: CIK 0001403161 (V): 403 Client Error: Forbidden for url: https://www.sec.gov/cgi-bin/browse-edgar?action=getcompany&CIK=0001403161&type=4&count=10
2026-06-06 18:00:04,678 WARNING: CIK 0001001838 (SCHW): 403 Client Error: Forbidden for url: https://www.sec.gov/cgi-bin/browse-edgar?action=getcompany&CIK=0001001838&type=4&count=10
2026-06-06 18:00:04,721 WARNING: CIK 0000820027 (AXP): 403 Client Error: Forbidden for url: https://www.sec.gov/cgi-bin/browse-edgar?action=getcompany&CIK=0000820027&type=4&count=10
2026-06-06 18:00:04,761 WARNING: CIK 0000891478 (MS): 403 Client Error: Forbidden for url: https://www.sec.gov/cgi-bin/browse-edgar?action=getcompany&CIK=0000891478&type=4&count=10
2026-06-06 18:00:04,805 WARNING: CIK 0000886982 (GS): 403 Client Error: Forbidden for url: https://www.sec.gov/cgi-bin/browse-edgar?action=getcompany&CIK=0000886982&type=4&count=10
2026-06-06 18:00:04,928 WARNING: CIK 0001652044 (SBUX): 403 Client Error: Forbidden for url: https://www.sec.gov/cgi-bin/browse-edgar?action=getcompany&CIK=0001652044&type=4&count=10
Traceback (most recent call last):
  File "/Users/samarth/Downloads/Official/PROJECTS/CODES/Python/Projects/sn9trader/ceo_tracker.py", line 194, in <module>
    main()
    ~~~~^^
  File "/Users/samarth/Downloads/Official/PROJECTS/CODES/Python/Projects/sn9trader/ceo_tracker.py", line 188, in main
    ret_up = compute_returns(conn)
  File "/Users/samarth/Downloads/Official/PROJECTS/CODES/Python/Projects/sn9trader/ceo_tracker.py", line 111, in compute_returns
    rows = conn.execute(
           ~~~~~~~~~~~~^
        """SELECT id, ticker, transaction_date FROM ceo_trades
        ^^^^^^^^^^^^^^^^^^^^^^^^^^^^^^^^^^^^^^^^^^^^^^^^^^^^^^
           WHERE forward_return_12m IS NULL AND transaction_date IS NOT NULL"""
           ^^^^^^^^^^^^^^^^^^^^^^^^^^^^^^^^^^^^^^^^^^^^^^^^^^^^^^^^^^^^^^^^^^^^
    ).fetchall()
    ^
sqlite3.OperationalError: no such column: forward_return_12m
2026-06-07 00:00:01,955 WARNING: CIK 0000320193 (AAPL): 403 Client Error: Forbidden for url: https://www.sec.gov/cgi-bin/browse-edgar?action=getcompany&CIK=0000320193&type=4&count=10
2026-06-07 00:00:01,996 WARNING: CIK 0000789019 (MSFT): 403 Client Error: Forbidden for url: https://www.sec.gov/cgi-bin/browse-edgar?action=getcompany&CIK=0000789019&type=4&count=10
2026-06-07 00:00:02,038 WARNING: CIK 0001045810 (NVDA): 403 Client Error: Forbidden for url: https://www.sec.gov/cgi-bin/browse-edgar?action=getcompany&CIK=0001045810&type=4&count=10
2026-06-07 00:00:02,076 WARNING: CIK 0001018724 (AMZN): 403 Client Error: Forbidden for url: https://www.sec.gov/cgi-bin/browse-edgar?action=getcompany&CIK=0001018724&type=4&count=10
2026-06-07 00:00:02,117 WARNING: CIK 0001652044 (GOOGL): 403 Client Error: Forbidden for url: https://www.sec.gov/cgi-bin/browse-edgar?action=getcompany&CIK=0001652044&type=4&count=10
2026-06-07 00:00:02,156 WARNING: CIK 0001326801 (META): 403 Client Error: Forbidden for url: https://www.sec.gov/cgi-bin/browse-edgar?action=getcompany&CIK=0001326801&type=4&count=10
2026-06-07 00:00:02,193 WARNING: CIK 0001318605 (TSLA): 403 Client Error: Forbidden for url: https://www.sec.gov/cgi-bin/browse-edgar?action=getcompany&CIK=0001318605&type=4&count=10
2026-06-07 00:00:02,352 WARNING: CIK 0000019617 (JPM): 403 Client Error: Forbidden for url: https://www.sec.gov/cgi-bin/browse-edgar?action=getcompany&CIK=0000019617&type=4&count=10
2026-06-07 00:00:02,476 WARNING: CIK 0000886982 (GS): 403 Client Error: Forbidden for url: https://www.sec.gov/cgi-bin/browse-edgar?action=getcompany&CIK=0000886982&type=4&count=10
2026-06-07 00:00:02,517 WARNING: CIK 0000070858 (BAC): 403 Client Error: Forbidden for url: https://www.sec.gov/cgi-bin/browse-edgar?action=getcompany&CIK=0000070858&type=4&count=10
2026-06-07 00:00:02,562 WARNING: CIK 0000072971 (WFC): 403 Client Error: Forbidden for url: https://www.sec.gov/cgi-bin/browse-edgar?action=getcompany&CIK=0000072971&type=4&count=10
2026-06-07 00:00:02,611 WARNING: CIK 0000831001 (C): 403 Client Error: Forbidden for url: https://www.sec.gov/cgi-bin/browse-edgar?action=getcompany&CIK=0000831001&type=4&count=10
2026-06-07 00:00:02,663 WARNING: CIK 0001364742 (BLK): 403 Client Error: Forbidden for url: https://www.sec.gov/cgi-bin/browse-edgar?action=getcompany&CIK=0001364742&type=4&count=10
2026-06-07 00:00:02,712 WARNING: CIK 0001730168 (UNH): 403 Client Error: Forbidden for url: https://www.sec.gov/cgi-bin/browse-edgar?action=getcompany&CIK=0001730168&type=4&count=10
2026-06-07 00:00:02,873 WARNING: CIK 0001320695 (CVS): 403 Client Error: Forbidden for url: https://www.sec.gov/cgi-bin/browse-edgar?action=getcompany&CIK=0001320695&type=4&count=10
2026-06-07 00:00:02,916 WARNING: CIK 0000200406 (JNJ): 403 Client Error: Forbidden for url: https://www.sec.gov/cgi-bin/browse-edgar?action=getcompany&CIK=0000200406&type=4&count=10
2026-06-07 00:00:02,959 WARNING: CIK 0000078003 (PFE): 403 Client Error: Forbidden for url: https://www.sec.gov/cgi-bin/browse-edgar?action=getcompany&CIK=0000078003&type=4&count=10
2026-06-07 00:00:03,009 WARNING: CIK 0000014272 (BMY): 403 Client Error: Forbidden for url: https://www.sec.gov/cgi-bin/browse-edgar?action=getcompany&CIK=0000014272&type=4&count=10
2026-06-07 00:00:03,052 WARNING: CIK 0000059478 (LLY): 403 Client Error: Forbidden for url: https://www.sec.gov/cgi-bin/browse-edgar?action=getcompany&CIK=0000059478&type=4&count=10
2026-06-07 00:00:03,099 WARNING: CIK 0000310158 (MRK): 403 Client Error: Forbidden for url: https://www.sec.gov/cgi-bin/browse-edgar?action=getcompany&CIK=0000310158&type=4&count=10
2026-06-07 00:00:03,152 WARNING: CIK 0000050863 (INTC): 403 Client Error: Forbidden for url: https://www.sec.gov/cgi-bin/browse-edgar?action=getcompany&CIK=0000050863&type=4&count=10
2026-06-07 00:00:03,237 WARNING: CIK 0000002488 (AMD): 403 Client Error: Forbidden for url: https://www.sec.gov/cgi-bin/browse-edgar?action=getcompany&CIK=0000002488&type=4&count=10
2026-06-07 00:00:03,301 WARNING: CIK 0001730168 (AVGO): 403 Client Error: Forbidden for url: https://www.sec.gov/cgi-bin/browse-edgar?action=getcompany&CIK=0001730168&type=4&count=10
2026-06-07 00:00:03,647 WARNING: CIK 0000858877 (CSCO): 403 Client Error: Forbidden for url: https://www.sec.gov/cgi-bin/browse-edgar?action=getcompany&CIK=0000858877&type=4&count=10
2026-06-07 00:00:04,697 WARNING: CIK 0000051143 (IBM): 403 Client Error: Forbidden for url: https://www.sec.gov/cgi-bin/browse-edgar?action=getcompany&CIK=0000051143&type=4&count=10
2026-06-07 00:00:04,752 WARNING: CIK 0001065280 (NFLX): 403 Client Error: Forbidden for url: https://www.sec.gov/cgi-bin/browse-edgar?action=getcompany&CIK=0001065280&type=4&count=10
2026-06-07 00:00:04,796 WARNING: CIK 0001744489 (DIS): 403 Client Error: Forbidden for url: https://www.sec.gov/cgi-bin/browse-edgar?action=getcompany&CIK=0001744489&type=4&count=10
2026-06-07 00:00:04,838 WARNING: CIK 0000027419 (TGT): 403 Client Error: Forbidden for url: https://www.sec.gov/cgi-bin/browse-edgar?action=getcompany&CIK=0000027419&type=4&count=10
2026-06-07 00:00:04,962 WARNING: CIK 0000104169 (WMT): 403 Client Error: Forbidden for url: https://www.sec.gov/cgi-bin/browse-edgar?action=getcompany&CIK=0000104169&type=4&count=10
2026-06-07 00:00:05,007 WARNING: CIK 0000764478 (BBY): 403 Client Error: Forbidden for url: https://www.sec.gov/cgi-bin/browse-edgar?action=getcompany&CIK=0000764478&type=4&count=10
2026-06-07 00:00:05,120 WARNING: CIK 0001001250 (EL): 403 Client Error: Forbidden for url: https://www.sec.gov/cgi-bin/browse-edgar?action=getcompany&CIK=0001001250&type=4&count=10
2026-06-07 00:00:05,168 WARNING: CIK 0001467858 (GM): 403 Client Error: Forbidden for url: https://www.sec.gov/cgi-bin/browse-edgar?action=getcompany&CIK=0001467858&type=4&count=10
2026-06-07 00:00:05,216 WARNING: CIK 0000037996 (F): 403 Client Error: Forbidden for url: https://www.sec.gov/cgi-bin/browse-edgar?action=getcompany&CIK=0000037996&type=4&count=10
2026-06-07 00:00:05,262 WARNING: CIK 0001326380 (STLA): 403 Client Error: Forbidden for url: https://www.sec.gov/cgi-bin/browse-edgar?action=getcompany&CIK=0001326380&type=4&count=10
2026-06-07 00:00:05,310 WARNING: CIK 0000034088 (XOM): 403 Client Error: Forbidden for url: https://www.sec.gov/cgi-bin/browse-edgar?action=getcompany&CIK=0000034088&type=4&count=10
2026-06-07 00:00:05,491 WARNING: CIK 0000093389 (CVX): 403 Client Error: Forbidden for url: https://www.sec.gov/cgi-bin/browse-edgar?action=getcompany&CIK=0000093389&type=4&count=10
2026-06-07 00:00:05,542 WARNING: CIK 0000072859 (COP): 403 Client Error: Forbidden for url: https://www.sec.gov/cgi-bin/browse-edgar?action=getcompany&CIK=0000072859&type=4&count=10
2026-06-07 00:00:05,589 WARNING: CIK 0000040545 (GE): 403 Client Error: Forbidden for url: https://www.sec.gov/cgi-bin/browse-edgar?action=getcompany&CIK=0000040545&type=4&count=10
2026-06-07 00:00:05,778 WARNING: CIK 0000101829 (RTX): 403 Client Error: Forbidden for url: https://www.sec.gov/cgi-bin/browse-edgar?action=getcompany&CIK=0000101829&type=4&count=10
2026-06-07 00:00:05,826 WARNING: CIK 0000731766 (UAL): 403 Client Error: Forbidden for url: https://www.sec.gov/cgi-bin/browse-edgar?action=getcompany&CIK=0000731766&type=4&count=10
2026-06-07 00:00:05,874 WARNING: CIK 0000027904 (DAL): 403 Client Error: Forbidden for url: https://www.sec.gov/cgi-bin/browse-edgar?action=getcompany&CIK=0000027904&type=4&count=10
2026-06-07 00:00:05,923 WARNING: CIK 0000092380 (LUV): 403 Client Error: Forbidden for url: https://www.sec.gov/cgi-bin/browse-edgar?action=getcompany&CIK=0000092380&type=4&count=10
2026-06-07 00:00:06,059 WARNING: CIK 0001067983 (BRK-B): 403 Client Error: Forbidden for url: https://www.sec.gov/cgi-bin/browse-edgar?action=getcompany&CIK=0001067983&type=4&count=10
2026-06-07 00:00:06,112 WARNING: CIK 0001141391 (MA): 403 Client Error: Forbidden for url: https://www.sec.gov/cgi-bin/browse-edgar?action=getcompany&CIK=0001141391&type=4&count=10
2026-06-07 00:00:06,162 WARNING: CIK 0001403161 (V): 403 Client Error: Forbidden for url: https://www.sec.gov/cgi-bin/browse-edgar?action=getcompany&CIK=0001403161&type=4&count=10
2026-06-07 00:00:06,213 WARNING: CIK 0001001838 (SCHW): 403 Client Error: Forbidden for url: https://www.sec.gov/cgi-bin/browse-edgar?action=getcompany&CIK=0001001838&type=4&count=10
2026-06-07 00:00:06,264 WARNING: CIK 0000820027 (AXP): 403 Client Error: Forbidden for url: https://www.sec.gov/cgi-bin/browse-edgar?action=getcompany&CIK=0000820027&type=4&count=10
2026-06-07 00:00:06,538 WARNING: CIK 0000891478 (MS): 403 Client Error: Forbidden for url: https://www.sec.gov/cgi-bin/browse-edgar?action=getcompany&CIK=0000891478&type=4&count=10
2026-06-07 00:00:06,587 WARNING: CIK 0000886982 (GS): 403 Client Error: Forbidden for url: https://www.sec.gov/cgi-bin/browse-edgar?action=getcompany&CIK=0000886982&type=4&count=10
2026-06-07 00:00:06,633 WARNING: CIK 0001652044 (SBUX): 403 Client Error: Forbidden for url: https://www.sec.gov/cgi-bin/browse-edgar?action=getcompany&CIK=0001652044&type=4&count=10
Traceback (most recent call last):
  File "/Users/samarth/Downloads/Official/PROJECTS/CODES/Python/Projects/sn9trader/ceo_tracker.py", line 194, in <module>
    main()
    ~~~~^^
  File "/Users/samarth/Downloads/Official/PROJECTS/CODES/Python/Projects/sn9trader/ceo_tracker.py", line 188, in main
    ret_up = compute_returns(conn)
  File "/Users/samarth/Downloads/Official/PROJECTS/CODES/Python/Projects/sn9trader/ceo_tracker.py", line 111, in compute_returns
    rows = conn.execute(
           ~~~~~~~~~~~~^
        """SELECT id, ticker, transaction_date FROM ceo_trades
        ^^^^^^^^^^^^^^^^^^^^^^^^^^^^^^^^^^^^^^^^^^^^^^^^^^^^^^
           WHERE forward_return_12m IS NULL AND transaction_date IS NOT NULL"""
           ^^^^^^^^^^^^^^^^^^^^^^^^^^^^^^^^^^^^^^^^^^^^^^^^^^^^^^^^^^^^^^^^^^^^
    ).fetchall()
    ^
sqlite3.OperationalError: no such column: forward_return_12m
/Users/samarth/Downloads/Official/PROJECTS/CODES/Python/Projects/sn9trader/ceo_tracker.py:71: XMLParsedAsHTMLWarning: It looks like you're using an HTML parser to parse an XML document.

Assuming this really is an XML document, what you're doing might work, but you should know that using an XML parser will be more reliable. To parse this document as XML, make sure you have the Python package 'lxml' installed, and pass the keyword argument `features="xml"` into the BeautifulSoup constructor.

If you want or need to use an HTML parser on this document, you can make this warning go away by filtering it. To do that, run this code before calling the BeautifulSoup constructor:

    from bs4 import XMLParsedAsHTMLWarning
    import warnings

    warnings.filterwarnings("ignore", category=XMLParsedAsHTMLWarning)

  soup = BeautifulSoup(xml_text, "html.parser")
/Users/samarth/Downloads/Official/PROJECTS/CODES/Python/Projects/sn9trader/ceo_tracker.py:106: DeprecationWarning: datetime.datetime.utcnow() is deprecated and scheduled for removal in a future version. Use timezone-aware objects to represent datetimes in UTC: datetime.datetime.now(datetime.UTC).
  "transaction_date": txn_date, "filing_date": datetime.utcnow().strftime("%Y-%m-%d"),
2026-06-07 08:36:55,863 WARNING: Failed to parse index page https://www.sec.gov/Archives/edgar/data/764478/000122520826003976/0001225208-26-003976-index.htm: ('Connection aborted.', ConnectionResetError(54, 'Connection reset by peer'))
2026-06-07 10:12:39,106 WARNING: Failed to parse index page https://www.sec.gov/Archives/edgar/data/1001250/000126762126000008/0001267621-26-000008-index.htm: HTTPSConnectionPool(host='www.sec.gov', port=443): Read timed out. (read timeout=30)
CEO tracker: 3 new trades, 0 returns updated
/opt/homebrew/Cellar/python@3.14/3.14.5/Frameworks/Python.framework/Versions/3.14/Resources/Python.app/Contents/MacOS/Python: can't open file '/Users/samarth/Downloads/Official/PROJECTS/CODES/Python/Projects/sn9trader/ceo_tracker.py': [Errno 2] No such file or directory
