/Users/samarth/Downloads/Official/PROJECTS/CODES/Python/Projects/sn9trader/signal_combiner.py:20: DeprecationWarning: datetime.datetime.utcnow() is deprecated and scheduled for removal in a future version. Use timezone-aware objects to represent datetimes in UTC: datetime.datetime.now(datetime.UTC).
  return (datetime.utcnow() - timedelta(hours=24)).isoformat()
/Users/samarth/Downloads/Official/PROJECTS/CODES/Python/Projects/sn9trader/signal_combiner.py:34: DeprecationWarning: datetime.datetime.utcnow() is deprecated and scheduled for removal in a future version. Use timezone-aware objects to represent datetimes in UTC: datetime.datetime.now(datetime.UTC).
  (str(int((datetime.utcnow() - timedelta(hours=24)).timestamp())),),
Signal combiner: 0 signals created
/Users/samarth/Downloads/Official/PROJECTS/CODES/Python/Projects/sn9trader/signal_combiner.py:20: DeprecationWarning: datetime.datetime.utcnow() is deprecated and scheduled for removal in a future version. Use timezone-aware objects to represent datetimes in UTC: datetime.datetime.now(datetime.UTC).
  return (datetime.utcnow() - timedelta(hours=24)).isoformat()
/Users/samarth/Downloads/Official/PROJECTS/CODES/Python/Projects/sn9trader/signal_combiner.py:34: DeprecationWarning: datetime.datetime.utcnow() is deprecated and scheduled for removal in a future version. Use timezone-aware objects to represent datetimes in UTC: datetime.datetime.now(datetime.UTC).
  (str(int((datetime.utcnow() - timedelta(hours=24)).timestamp())),),
Signal combiner: 0 signals created
/Users/samarth/Downloads/Official/PROJECTS/CODES/Python/Projects/sn9trader/signal_combiner.py:20: DeprecationWarning: datetime.datetime.utcnow() is deprecated and scheduled for removal in a future version. Use timezone-aware objects to represent datetimes in UTC: datetime.datetime.now(datetime.UTC).
  return (datetime.utcnow() - timedelta(hours=24)).isoformat()
/Users/samarth/Downloads/Official/PROJECTS/CODES/Python/Projects/sn9trader/signal_combiner.py:34: DeprecationWarning: datetime.datetime.utcnow() is deprecated and scheduled for removal in a future version. Use timezone-aware objects to represent datetimes in UTC: datetime.datetime.now(datetime.UTC).
  (str(int((datetime.utcnow() - timedelta(hours=24)).timestamp())),),
Signal combiner: 0 signals created
/Users/samarth/Downloads/Official/PROJECTS/CODES/Python/Projects/sn9trader/signal_combiner.py:20: DeprecationWarning: datetime.datetime.utcnow() is deprecated and scheduled for removal in a future version. Use timezone-aware objects to represent datetimes in UTC: datetime.datetime.now(datetime.UTC).
  return (datetime.utcnow() - timedelta(hours=24)).isoformat()
/Users/samarth/Downloads/Official/PROJECTS/CODES/Python/Projects/sn9trader/signal_combiner.py:34: DeprecationWarning: datetime.datetime.utcnow() is deprecated and scheduled for removal in a future version. Use timezone-aware objects to represent datetimes in UTC: datetime.datetime.now(datetime.UTC).
  (str(int((datetime.utcnow() - timedelta(hours=24)).timestamp())),),
Signal combiner: 0 signals created
2026-06-07 06:05:27,087 INFO: Loaded optimized weights: {'congress': 0.5, 'ceo': 0.2, 'whale': 0.3, 'options': 0.0}
/Users/samarth/Downloads/Official/PROJECTS/CODES/Python/Projects/sn9trader/signal_combiner.py:20: DeprecationWarning: datetime.datetime.utcnow() is deprecated and scheduled for removal in a future version. Use timezone-aware objects to represent datetimes in UTC: datetime.datetime.now(datetime.UTC).
  return (datetime.utcnow() - timedelta(hours=24)).isoformat()
/Users/samarth/Downloads/Official/PROJECTS/CODES/Python/Projects/sn9trader/signal_combiner.py:34: DeprecationWarning: datetime.datetime.utcnow() is deprecated and scheduled for removal in a future version. Use timezone-aware objects to represent datetimes in UTC: datetime.datetime.now(datetime.UTC).
  (str(int((datetime.utcnow() - timedelta(hours=24)).timestamp())),),
Signal combiner: 0 signals created
/opt/homebrew/Cellar/python@3.14/3.14.5/Frameworks/Python.framework/Versions/3.14/Resources/Python.app/Contents/MacOS/Python: can't open file '/Users/samarth/Downloads/Official/PROJECTS/CODES/Python/Projects/sn9trader/signal_combiner.py': [Errno 2] No such file or directory
